<?xml version="1.0" encoding="UTF-8"?>
<testsuite xmlns:xsi="http://www.w3.org/2001/XMLSchema-instance" xsi:noNamespaceSchemaLocation="https://maven.apache.org/surefire/maven-surefire-plugin/xsd/surefire-test-report-3.0.xsd" version="3.0" name="assign10.BinaryMaxHeapTest" time="0.047" tests="42" errors="0" skipped="0" failures="0">
  <properties>
[...]
</properties>
  <testcase name="testFindKLargestHeapBasic" classname="assign10.BinaryMaxHeapTest" time="0.01"/>
  <testcase name="testPeekDoesNotRemove" classname="assign10.BinaryMaxHeapTest" time="0.0"/>
  <testcase name="testExtractMaxMultipleElements" classname="assign10.BinaryMaxHeapTest" time="0.0"/>
  <testcase name="testListConstructorMaintainsHeapProperty" classname="assign10.BinaryMaxHeapTest" time="0.0"/>
  <testcase name="testToArrayMultipleElements" classname="assign10.BinaryMaxHeapTest" time="0.0"/>
  <testcase name="testIsEmptyAfterOperations" classname="assign10.BinaryMaxHeapTest" time="0.0"/>
  <testcase name="testExtractMaxEmptyHeap" classname="assign10.BinaryMaxHeapTest" time="0.001"/>
  <testcase name="testFindKLargestHeapKEqualsSize" classname="assign10.BinaryMaxHeapTest" time="0.001"/>
  <testcase name="testFindKLargestHeapKEqualsZero" classname="assign10.BinaryMaxHeapTest" time="0.0"/>
  <testcase name="testExtractMaxMaintainsHeapProperty" classname="assign10.BinaryMaxHeapTest" time="0.0"/>
  <testcase name="testExtractMaxSingleElement" classname="assign10.BinaryMaxHeapTest" time="0.0"/>
  <testcase name="testListComparatorConstructor" classname="assign10.BinaryMaxHeapTest" time="0.001"/>
  <testcase name="testFindKLargestSortInvalidK" classname="assign10.BinaryMaxHeapTest" time="0.0"/>
  <testcase name="testIsEmptyInitially" classname="assign10.BinaryMaxHeapTest" time="0.0"/>
  <testcase name="testSizeAfterAdds" classname="assign10.BinaryMaxHeapTest" time="0.001"/>
  <testcase name="testPeekWithComparator" classname="assign10.BinaryMaxHeapTest" time="0.0"/>
  <testcase name="testPeekEmptyHeap" classname="assign10.BinaryMaxHeapTest" time="0.001"/>
  <testcase name="testAddMaintainsMaxAtTop" classname="assign10.BinaryMaxHeapTest" time="0.001"/>
  <testcase name="testSingleElementList" classname="assign10.BinaryMaxHeapTest" time="0.0"/>
  <testcase name="testClearThenAdd" classname="assign10.BinaryMaxHeapTest" time="0.001"/>
  <testcase name="testToArrayEmptyHeap" classname="assign10.BinaryMaxHeapTest" time="0.0"/>
  <testcase name="testAddMultipleElements" classname="assign10.BinaryMaxHeapTest" time="0.0"/>
  <testcase name="testClearEmptyHeap" classname="assign10.BinaryMaxHeapTest" time="0.001"/>
  <testcase name="testHeapAndSortWithComparatorProduceSameResults" classname="assign10.BinaryMaxHeapTest" time="0.002"/>
  <testcase name="testClearNonEmptyHeap" classname="assign10.BinaryMaxHeapTest" time="0.0"/>
  <testcase name="testFindKLargestHeapInvalidK" classname="assign10.BinaryMaxHeapTest" time="0.001"/>
  <testcase name="testDuplicateElements" classname="assign10.BinaryMaxHeapTest" time="0.0"/>
  <testcase name="testAddDuplicates" classname="assign10.BinaryMaxHeapTest" time="0.0"/>
  <testcase name="testToArraySingleElement" classname="assign10.BinaryMaxHeapTest" time="0.0"/>
  <testcase name="testListConstructor" classname="assign10.BinaryMaxHeapTest" time="0.0"/>
  <testcase name="testComparatorConstructor" classname="assign10.BinaryMaxHeapTest" time="0.0"/>
  <testcase name="testHeapAndSortProduceSameResults" classname="assign10.BinaryMaxHeapTest" time="0.001"/>
  <testcase name="testSizeEmptyHeap" classname="assign10.BinaryMaxHeapTest" time="0.0"/>
  <testcase name="testSizeAfterExtracts" classname="assign10.BinaryMaxHeapTest" time="0.0"/>
  <testcase name="testOriginalListNotModified" classname="assign10.BinaryMaxHeapTest" time="0.0"/>
  <testcase name="testFindKLargestSortWithComparator" classname="assign10.BinaryMaxHeapTest" time="0.0"/>
  <testcase name="testFindKLargestHeapWithComparator" classname="assign10.BinaryMaxHeapTest" time="0.0"/>
  <testcase name="testFindKLargestSortKEqualsSize" classname="assign10.BinaryMaxHeapTest" time="0.0"/>
  <testcase name="testFindKLargestSortKEqualsZero" classname="assign10.BinaryMaxHeapTest" time="0.0"/>
  <testcase name="testAddToEmptyHeap" classname="assign10.BinaryMaxHeapTest" time="0.0"/>
  <testcase name="testFindKLargestSortBasic" classname="assign10.BinaryMaxHeapTest" time="0.001"/>
  <testcase name="testDefaultConstructor" classname="assign10.BinaryMaxHeapTest" time="0.0"/>
</testsuite>